1636137560273	geckodriver	INFO	Listening on 127.0.0.1:63695
1636137563325	mozrunner::runner	INFO	Running command: "C:\\Program Files\\Mozilla Firefox\\firefox.exe" "--marionette" "--remote-debugging-port" "63696" "-no-remote" "-profile" "C:\\Users\\rajanib\\AppData\\Local\\Temp\\rust_mozprofilenvo3HN"
JavaScript error: resource://gre/modules/XULStore.jsm, line 66: Error: Can't find profile directory.
1636137576801	Marionette	INFO	Listening on port 63704
1636137576845	Marionette	WARN	TLS certificate errors will be ignored for this session
1636137578886	Marionette	INFO	Stopped listening on port 63704
[Child 28396, Chrome_ChildThread] WARNING: pipe error: 232: file /builds/worker/checkouts/gecko/ipc/chromium/src/chrome/common/ipc_channel_win.cc, line 522

###!!! [Child][RunMessage] Error: Channel closing: too late to send/recv, messages will be lost


###!!! [Child][MessageChannel::SendAndWait] Error: Channel error: cannot send/recv

1636137817045	geckodriver	INFO	Listening on 127.0.0.1:63844
1636137820095	mozrunner::runner	INFO	Running command: "C:\\Program Files\\Mozilla Firefox\\firefox.exe" "--marionette" "--remote-debugging-port" "63845" "-no-remote" "-profile" "C:\\Users\\rajanib\\AppData\\Local\\Temp\\rust_mozprofilemUYGmL"
JavaScript error: resource://gre/modules/XULStore.jsm, line 66: Error: Can't find profile directory.
1636137827863	Marionette	INFO	Listening on port 63850
1636137828139	Marionette	WARN	TLS certificate errors will be ignored for this session
1636137830891	Marionette	INFO	Stopped listening on port 63850
JavaScript error: resource://gre/modules/UrlClassifierListManager.jsm, line 691: TypeError: this.tablesData[table] is undefined
[Child 30556, Chrome_ChildThread] WARNING: pipe error: 232: file /builds/worker/checkouts/gecko/ipc/chromium/src/chrome/common/ipc_channel_win.cc, line 522

###!!! [Child][RunMessage] Error: Channel closing: too late to send/recv, messages will be lost


###!!! [Child][MessageChannel::SendAndWait] Error: Channel error: cannot send/recv

1636140447631	geckodriver	INFO	Listening on 127.0.0.1:57848
1636140450690	mozrunner::runner	INFO	Running command: "C:\\Program Files\\Mozilla Firefox\\firefox.exe" "--marionette" "--remote-debugging-port" "57849" "-no-remote" "-profile" "C:\\Users\\rajanib\\AppData\\Local\\Temp\\rust_mozprofileaT7nzy"
JavaScript error: resource://gre/modules/XULStore.jsm, line 66: Error: Can't find profile directory.
1636140470950	Marionette	INFO	Listening on port 57854
1636140471401	Marionette	WARN	TLS certificate errors will be ignored for this session
1636140475251	Marionette	INFO	Stopped listening on port 57854
[Child 19956, Chrome_ChildThread] WARNING: pipe error: 232: file /builds/worker/checkouts/gecko/ipc/chromium/src/chrome/common/ipc_channel_win.cc, line 522
[Child 19956, Chrome_ChildThread] WARNING: pipe error: 232: file /builds/worker/checkouts/gecko/ipc/chromium/src/chrome/common/ipc_channel_win.cc, line 522

###!!! [Child][RunMessage] Error: Channel closing: too late to send/recv, messages will be lost


###!!! [Child][MessageChannel::SendAndWait] Error: Channel error: cannot send/recv

1636140644979	geckodriver	INFO	Listening on 127.0.0.1:57967
1636140647999	mozrunner::runner	INFO	Running command: "C:\\Program Files\\Mozilla Firefox\\firefox.exe" "--marionette" "--remote-debugging-port" "57968" "-no-remote" "-profile" "C:\\Users\\rajanib\\AppData\\Local\\Temp\\rust_mozprofileBT8s0Q"
JavaScript error: resource://gre/modules/XULStore.jsm, line 66: Error: Can't find profile directory.
1636140657060	Marionette	INFO	Listening on port 57981
1636140657220	Marionette	WARN	TLS certificate errors will be ignored for this session
1636140660312	Marionette	INFO	Stopped listening on port 57981

###!!! [Child][RunMessage] Error: Channel closing: too late to send/recv, messages will be lost


###!!! [Child][MessageChannel::SendAndWait] Error: Channel error: cannot send/recv

1636140728217	geckodriver	INFO	Listening on 127.0.0.1:58084
1636140731298	mozrunner::runner	INFO	Running command: "C:\\Program Files\\Mozilla Firefox\\firefox.exe" "--marionette" "--remote-debugging-port" "58085" "-no-remote" "-profile" "C:\\Users\\rajanib\\AppData\\Local\\Temp\\rust_mozprofileUwwCnv"
JavaScript error: resource://gre/modules/XULStore.jsm, line 66: Error: Can't find profile directory.
1636140739450	Marionette	INFO	Listening on port 58098
1636140739580	Marionette	WARN	TLS certificate errors will be ignored for this session
1636140741480	Marionette	INFO	Stopped listening on port 58098

###!!! [Child][RunMessage] Error: Channel closing: too late to send/recv, messages will be lost

[Child 6384, Chrome_ChildThread] WARNING: pipe error: 232: file /builds/worker/checkouts/gecko/ipc/chromium/src/chrome/common/ipc_channel_win.cc, line 522

###!!! [Child][MessageChannel] Error: (msgtype=0x6A0029,name=PNecko::Msg_RemoveRequestContext) Channel closing: too late to send/recv, messages will be lost


###!!! [Child][RunMessage] Error: Channel closing: too late to send/recv, messages will be lost


###!!! [Child][MessageChannel::SendAndWait] Error: Channel error: cannot send/recv

1636140885271	geckodriver	INFO	Listening on 127.0.0.1:58289
1636140888316	mozrunner::runner	INFO	Running command: "C:\\P1636140889306	mozrunner::runner	INFO	Running command: "C:\\Program Files\\Mozilla Firefox\\firefox.exe" "--marionette" "--remote-debugging-port" "58293" "-no-remote" "-profile" "C:\\UJavaScript error: resource://gre/modules/XULStore.jsm, line JavaScript error: resource://gre/modules/X1636140898030	Marionette	INFO	Listening on port 58300
163611636140899331	Marionette	INFO	Listening on port 58303
1636140899482	Marionette	WA1636140902687	Marionette	INFO	Stopped listening on port 58300

###!!! [Child][RunMessage] Error: Channel closing: too lat
###!!! [Child][RunMessage] Error: Chann
###!!! [Child][RunMessage] Error: Channel closing: too late to send/recv, messages will be lost


###!!! [Child][MessageChannel::SendAndWait] Error: Channel error: cannot send/recv

