1636086439124	geckodriver	INFO	Listening on 127.0.0.1:54974
1636086442207	mozrunner::runner	INFO	Running command: "C:\\Program Files\\Mozilla Firefox\\firefox.exe" "--marionette" "--remote-debugging-port" "54975" "-no-remote" "-profile" "C:\\Users\\rajanib\\AppData\\Local\\Temp\\rust_mozprofilekP4kZM"
JavaScript error: resource://gre/modules/XULStore.jsm, line 66: Error: Can't find profile directory.
1636086463280	Marionette	INFO	Listening on port 54981
1636086463721	Marionette	WARN	TLS certificate errors will be ignored for this session
1636086463950	Marionette	ERROR	[24] No reply from Marionette:Register
1636086485190	Marionette	INFO	Stopped listening on port 54981

###!!! [Child][RunMessage] Error: Channel closing: too late to send/recv, messages will be lost


###!!! [Child][MessageChannel::SendAndWait] Error: Channel error: cannot send/recv

1636086592889	geckodriver	INFO	Listening on 127.0.0.1:55090
1636086595958	mozrunner::runner	INFO	Running command: "C:\\Program Files\\Mozilla Firefox\\firefox.exe" "--marionette" "--remote-debugging-port" "55091" "-no-remote" "-profile" "C:\\Users\\rajanib\\AppData\\Local\\Temp\\rust_mozprofileZHCiyl"
JavaScript error: resource://gre/modules/XULStore.jsm, line 66: Error: Can't find profile directory.
1636086604092	Marionette	INFO	Listening on port 55099
1636086604551	Marionette	WARN	TLS certificate errors will be ignored for this session
1636086616346	Marionette	INFO	Stopped listening on port 55099

###!!! [Child][RunMessage] Error: Channel closing: too late to send/recv, messages will be lost


###!!! [Child][MessageChannel::SendAndWait] Error: Channel error: cannot send/recv

1636086639748	geckodriver	INFO	Listening on 127.0.0.1:55140
1636086642836	mozrunner::runner	INFO	Running command: "C:\\Program Files\\Mozilla Firefox\\firefox.exe" "--marionette" "--remote-debugging-port" "55141" "-no-remote" "-profile" "C:\\Users\\rajanib\\AppData\\Local\\Temp\\rust_mozprofileyxWzxr"
JavaScript error: resource://gre/modules/XULStore.jsm, line 66: Error: Can't find profile directory.
1636086650712	Marionette	INFO	Listening on port 55146
1636086650918	Marionette	WARN	TLS certificate errors will be ignored for this session
1636086651009	Marionette	INFO	Stopped listening on port 55146

###!!! [Child][RunMessage] Error: Channel closing: too late to send/recv, messages will be lost


###!!! [Child][MessageChannel::SendAndWait] Error: Channel error: cannot send/recv

1636086868099	geckodriver	INFO	Listening on 127.0.0.1:55293
1636086871188	mozrunner::runner	INFO	Running command: "C:\\Program Files\\Mozilla Firefox\\firefox.exe" "--marionette" "--remote-debugging-port" "55294" "-no-remote" "-profile" "C:\\Users\\rajanib\\AppData\\Local\\Temp\\rust_mozprofileI65fgd"
JavaScript error: resource://gre/modules/XULStore.jsm, line 66: Error: Can't find profile directory.
1636086879433	Marionette	INFO	Listening on port 55299
1636086879788	Marionette	WARN	TLS certificate errors will be ignored for this session
1636086880653	Marionette	INFO	Stopped listening on port 55299
[Child 18896, Chrome_ChildThread] WARNING: pipe error: 232: file /builds/worker/checkouts/gecko/ipc/chromium/src/chrome/common/ipc_channel_win.cc, line 522

###!!! [Child][RunMessage] Error: Channel closing: too late to send/recv, messages will be lost


###!!! [Child][MessageChannel::SendAndWait] Error: Channel error: cannot send/recv

1636087513326	geckodriver	INFO	Listening on 127.0.0.1:55807
1636087516478	mozrunner::runner	INFO	Running command: "C:\\Program Files\\Mozilla Firefox\\firefox.exe" "--marionette" "--remote-debugging-port" "55808" "-no-remote" "-profile" "C:\\Users\\rajanib\\AppData\\Local\\Temp\\rust_mozprofilexJq74o"
JavaScript error: resource://gre/modules/XULStore.jsm, line 66: Error: Can't find profile directory.
1636087527314	Marionette	INFO	Listening on port 55813
1636087527772	Marionette	WARN	TLS certificate errors will be ignored for this session
1636087662349	Marionette	INFO	Stopped listening on port 55813

###!!! [Child][RunMessage] Error: Channel closing: too late to send/recv, messages will be lost


###!!! [Child][MessageChannel::SendAndWait] Error: Channel error: cannot send/recv

